Unity Editor version:    2020.3.18f1 (a7d1c678663c)
Branch:                  2020.3/staging
Build type:              Release
Batch mode:              YES
macOS version:           Version 11.4 (Build 20F71)
Darwin version:          20.5.0
Architecture:            x86_64
Running under Rosetta:   NO
Available memory:        16384 MB
Using pre-set license
Pro License: NO

COMMAND LINE ARGUMENTS:
/Applications/Unity/Hub/Editor/2020.3.18f1/Unity.app/Contents/MacOS/Unity
-adb2
-batchMode
-noUpm
-name
AssetImportWorker0
-projectPath
/Users/sunwookim/Documents/Tafe/Certificate IV in Digital and Interactive Games/Game Design/Unity/Single Input Game
-logFile
Logs/AssetImportWorker0.log
-srvPort
50778
Successfully changed project path to: /Users/sunwookim/Documents/Tafe/Certificate IV in Digital and Interactive Games/Game Design/Unity/Single Input Game
/Users/sunwookim/Documents/Tafe/Certificate IV in Digital and Interactive Games/Game Design/Unity/Single Input Game
Using Asset Import Pipeline V2.
Refreshing native plugins compatible for Editor in 26.18 ms, found 2 plugins.
Preloading 0 native plugins for Editor in 0.00 ms.
Initialize engine version: 2020.3.18f1 (a7d1c678663c)
[Subsystems] Discovering subsystems at path /Applications/Unity/Hub/Editor/2020.3.18f1/Unity.app/Contents/Resources/UnitySubsystems
[Subsystems] Discovering subsystems at path /Users/sunwookim/Documents/Tafe/Certificate IV in Digital and Interactive Games/Game Design/Unity/Single Input Game/Assets
GfxDevice: creating device client; threaded=0
2021-10-12 16:22:39.351 Unity[1939:83971] HP 27x preferred device: AMD Radeon Pro 5300M (high power)
2021-10-12 16:22:39.351 Unity[1939:83971] Metal devices available: 2
2021-10-12 16:22:39.351 Unity[1939:83971] 0: AMD Radeon Pro 5300M (high power)
2021-10-12 16:22:39.351 Unity[1939:83971] 1: Intel(R) UHD Graphics 630 (low power)
2021-10-12 16:22:39.351 Unity[1939:83971] Using device AMD Radeon Pro 5300M (high power)
Initializing Metal device caps: AMD Radeon Pro 5300M
Initialize mono
Mono path[0] = '/Applications/Unity/Hub/Editor/2020.3.18f1/Unity.app/Contents/Managed'
Mono path[1] = '/Applications/Unity/Hub/Editor/2020.3.18f1/Unity.app/Contents/MonoBleedingEdge/lib/mono/unityjit'
Mono config path = '/Applications/Unity/Hub/Editor/2020.3.18f1/Unity.app/Contents/MonoBleedingEdge/etc'
Using monoOptions --debugger-agent=transport=dt_socket,embedding=1,server=y,suspend=n,address=127.0.0.1:56939
Begin MonoManager ReloadAssembly
Registering precompiled unity dll's ...
Register platform support module: /Applications/Unity/Hub/Editor/2020.3.18f1/Unity.app/Contents/PlaybackEngines/MacStandaloneSupport/UnityEditor.OSXStandalone.Extensions.dll
Registered in 0.000513 seconds.
Native extension for OSXStandalone target not found
Refreshing native plugins compatible for Editor in 25.93 ms, found 2 plugins.
Preloading 0 native plugins for Editor in 0.00 ms.
Mono: successfully reloaded assembly
- Completed reload, in  1.719 seconds
Domain Reload Profiling:
	ReloadAssembly (1719ms)
		BeginReloadAssembly (41ms)
			ExecutionOrderSort (0ms)
			DisableScriptedObjects (0ms)
			BackupInstance (0ms)
			ReleaseScriptingObjects (0ms)
			CreateAndSetChildDomain (1ms)
		EndReloadAssembly (474ms)
			LoadAssemblies (39ms)
			RebuildTransferFunctionScriptingTraits (0ms)
			SetupTypeCache (187ms)
			ReleaseScriptCaches (0ms)
			RebuildScriptCaches (40ms)
			SetupLoadedEditorAssemblies (194ms)
				LogAssemblyErrors (0ms)
				InitializePlatformSupportModulesInManaged (4ms)
				SetLoadedEditorAssemblies (0ms)
				RefreshPlugins (26ms)
				BeforeProcessingInitializeOnLoad (26ms)
				ProcessInitializeOnLoadAttributes (107ms)
				ProcessInitializeOnLoadMethodAttributes (31ms)
				AfterProcessingInitializeOnLoad (0ms)
				EditorAssembliesLoaded (0ms)
			ExecutionOrderSort2 (0ms)
			AwakeInstancesAfterBackupRestoration (0ms)
Platform modules already initialized, skipping
Registering precompiled user dll's ...
Registered in 0.001058 seconds.
Begin MonoManager ReloadAssembly
Native extension for OSXStandalone target not found
Refreshing native plugins compatible for Editor in 0.26 ms, found 2 plugins.
Preloading 0 native plugins for Editor in 0.00 ms.
Mono: successfully reloaded assembly
- Completed reload, in  1.116 seconds
Domain Reload Profiling:
	ReloadAssembly (1117ms)
		BeginReloadAssembly (164ms)
			ExecutionOrderSort (0ms)
			DisableScriptedObjects (6ms)
			BackupInstance (0ms)
			ReleaseScriptingObjects (0ms)
			CreateAndSetChildDomain (31ms)
		EndReloadAssembly (884ms)
			LoadAssemblies (72ms)
			RebuildTransferFunctionScriptingTraits (0ms)
			SetupTypeCache (321ms)
			ReleaseScriptCaches (0ms)
			RebuildScriptCaches (54ms)
			SetupLoadedEditorAssemblies (317ms)
				LogAssemblyErrors (0ms)
				InitializePlatformSupportModulesInManaged (5ms)
				SetLoadedEditorAssemblies (0ms)
				RefreshPlugins (0ms)
				BeforeProcessingInitializeOnLoad (74ms)
				ProcessInitializeOnLoadAttributes (231ms)
				ProcessInitializeOnLoadMethodAttributes (5ms)
				AfterProcessingInitializeOnLoad (2ms)
				EditorAssembliesLoaded (0ms)
			ExecutionOrderSort2 (0ms)
			AwakeInstancesAfterBackupRestoration (8ms)
Platform modules already initialized, skipping
Validating Project structure ... 0.000833 seconds.
Shader import version has changed; will reimport all shaders...
Upgrading shader files ...0.001160 seconds.
Application.AssetDatabase Initial Script Refresh Start
RefreshInfo: InitialScriptRefreshV2(NoUpdateAssetOptions) scanfilter:  ... 1 filters
RefreshProfiler: Total: 0.000ms
Application.AssetDatabase Initial Script Refresh End
Application.AssetDatabase.Refresh Start
Application.AssetDatabase.Refresh End
RefreshInfo: StopAssetImportingV2(ForceSynchronousImport) scanfilter: 
RefreshProfiler: Total: 0.000ms
Launching external process: /Applications/Unity/Hub/Editor/2020.3.18f1/Unity.app/Contents/Tools/UnityShaderCompiler
Launched and connected shader compiler UnityShaderCompiler after 0.01 seconds
Initializing Unity extensions:
========================================================================
Worker process is ready to serve import requests
Refreshing native plugins compatible for Editor in 0.40 ms, found 2 plugins.
Preloading 0 native plugins for Editor in 0.00 ms.
Unloading 1403 Unused Serialized files (Serialized files now loaded: 0)
System memory in use before: 159.7 MB.
System memory in use after: 158.9 MB.

Unloading 83 unused Assets to reduce memory usage. Loaded Objects now: 1878.
Total: 3.538868 ms (FindLiveObjects: 0.153529 ms CreateObjectMapping: 0.045691 ms MarkObjects: 2.811503 ms  DeleteObjects: 0.526474 ms)

AssetImportParameters requested are different than current active one (requested -> active):
  custom:video-decoder-ogg-theora: a1e56fd34408186e4bbccfd4996cb3dc -> 
  custom:container-muxer-webm: aa71ff27fc2769a1b78a27578f13a17b -> 
  custom:container-demuxer-webm: 4f35f7cbe854078d1ac9338744f61a02 -> 
  custom:container-demuxer-ogg: 62fdf1f143b41e24485cea50d1cbac27 -> 
  custom:video-encoder-webm-vp8: eb34c28f22e8b96e1ab97ce403110664 -> 
  custom:framework-osx-AVFoundation: e770b220cccbd017edd2c1fefb359320 -> 
  custom:video-decoder-webm-vp8: 9c59270c3fd7afecdb556c50c9e8de78 -> 
  custom:audio-decoder-ogg-vorbis: bf7c407c2cedff20999df2af8eb42d56 -> 
  custom:audio-encoder-webm-vorbis: bf7c407c2cedff20999df2af8eb42d56 -> 
========================================================================
Received Import Request.
  path: Assets/Scripts/Player Scripts/PlayerHandler.cs
  artifactKey: Guid(9160ef24c6ca5418783efa675d191262) Importer(815301076,1909f56bfc062723c751e8b465ee728b)
Start importing Assets/Scripts/Player Scripts/PlayerHandler.cs using Guid(9160ef24c6ca5418783efa675d191262) Importer(815301076,1909f56bfc062723c751e8b465ee728b)  -> (artifact id: 'dcc4e733c36a562e7f18b2179bfbfada') in 0.309489 seconds 
  Import took 0.312894 seconds .

========================================================================
Received Prepare
Refreshing native plugins compatible for Editor in 1.73 ms, found 2 plugins.
Preloading 0 native plugins for Editor in 0.00 ms.
Unloading 9 Unused Serialized files (Serialized files now loaded: 0)
System memory in use before: 134.3 MB.
System memory in use after: 134.4 MB.

Unloading 9 unused Assets to reduce memory usage. Loaded Objects now: 1878.
Total: 3.052964 ms (FindLiveObjects: 0.146039 ms CreateObjectMapping: 0.067687 ms MarkObjects: 2.823045 ms  DeleteObjects: 0.015391 ms)

AssetImportParameters requested are different than current active one (requested -> active):
  custom:video-decoder-ogg-theora: a1e56fd34408186e4bbccfd4996cb3dc -> 
  custom:container-muxer-webm: aa71ff27fc2769a1b78a27578f13a17b -> 
  custom:container-demuxer-webm: 4f35f7cbe854078d1ac9338744f61a02 -> 
  custom:container-demuxer-ogg: 62fdf1f143b41e24485cea50d1cbac27 -> 
  custom:video-encoder-webm-vp8: eb34c28f22e8b96e1ab97ce403110664 -> 
  custom:framework-osx-AVFoundation: e770b220cccbd017edd2c1fefb359320 -> 
  custom:video-decoder-webm-vp8: 9c59270c3fd7afecdb556c50c9e8de78 -> 
  custom:audio-decoder-ogg-vorbis: bf7c407c2cedff20999df2af8eb42d56 -> 
  custom:audio-encoder-webm-vorbis: bf7c407c2cedff20999df2af8eb42d56 -> 
========================================================================
Received Prepare
Registering precompiled user dll's ...
Registered in 0.001208 seconds.
Begin MonoManager ReloadAssembly
Native extension for OSXStandalone target not found
Refreshing native plugins compatible for Editor in 0.26 ms, found 2 plugins.
Preloading 0 native plugins for Editor in 0.00 ms.
Mono: successfully reloaded assembly
- Completed reload, in  1.050 seconds
Domain Reload Profiling:
	ReloadAssembly (1051ms)
		BeginReloadAssembly (125ms)
			ExecutionOrderSort (0ms)
			DisableScriptedObjects (5ms)
			BackupInstance (0ms)
			ReleaseScriptingObjects (0ms)
			CreateAndSetChildDomain (60ms)
		EndReloadAssembly (862ms)
			LoadAssemblies (69ms)
			RebuildTransferFunctionScriptingTraits (0ms)
			SetupTypeCache (293ms)
			ReleaseScriptCaches (1ms)
			RebuildScriptCaches (54ms)
			SetupLoadedEditorAssemblies (327ms)
				LogAssemblyErrors (0ms)
				InitializePlatformSupportModulesInManaged (5ms)
				SetLoadedEditorAssemblies (0ms)
				RefreshPlugins (0ms)
				BeforeProcessingInitializeOnLoad (102ms)
				ProcessInitializeOnLoadAttributes (214ms)
				ProcessInitializeOnLoadMethodAttributes (4ms)
				AfterProcessingInitializeOnLoad (1ms)
				EditorAssembliesLoaded (0ms)
			ExecutionOrderSort2 (0ms)
			AwakeInstancesAfterBackupRestoration (8ms)
Platform modules already initialized, skipping
Refreshing native plugins compatible for Editor in 0.22 ms, found 2 plugins.
Preloading 0 native plugins for Editor in 0.00 ms.
Unloading 1396 Unused Serialized files (Serialized files now loaded: 0)
System memory in use before: 162.0 MB.
System memory in use after: 162.1 MB.

Unloading 12 unused Assets to reduce memory usage. Loaded Objects now: 1881.
Total: 2.935551 ms (FindLiveObjects: 0.147081 ms CreateObjectMapping: 0.047376 ms MarkObjects: 2.723806 ms  DeleteObjects: 0.016302 ms)

AssetImportParameters requested are different than current active one (requested -> active):
  custom:video-decoder-ogg-theora: a1e56fd34408186e4bbccfd4996cb3dc -> 
  custom:container-muxer-webm: aa71ff27fc2769a1b78a27578f13a17b -> 
  custom:container-demuxer-webm: 4f35f7cbe854078d1ac9338744f61a02 -> 
  custom:container-demuxer-ogg: 62fdf1f143b41e24485cea50d1cbac27 -> 
  custom:video-encoder-webm-vp8: eb34c28f22e8b96e1ab97ce403110664 -> 
  custom:framework-osx-AVFoundation: e770b220cccbd017edd2c1fefb359320 -> 
  custom:video-decoder-webm-vp8: 9c59270c3fd7afecdb556c50c9e8de78 -> 
  custom:audio-decoder-ogg-vorbis: bf7c407c2cedff20999df2af8eb42d56 -> 
  custom:audio-encoder-webm-vorbis: bf7c407c2cedff20999df2af8eb42d56 -> 
========================================================================
Received Import Request.
  Time since last request: 404.555770 seconds.
  path: Assets/Animations/Damage Flash/Flash.anim
  artifactKey: Guid(526c19584fae5451aa6ea02d43ee0163) Importer(815301076,1909f56bfc062723c751e8b465ee728b)
Start importing Assets/Animations/Damage Flash/Flash.anim using Guid(526c19584fae5451aa6ea02d43ee0163) Importer(815301076,1909f56bfc062723c751e8b465ee728b)  -> (artifact id: '748dc0975d34e36e8ae473de932aad88') in 0.842635 seconds 
  Import took 0.845571 seconds .

========================================================================
Received Import Request.
  Time since last request: 2.433312 seconds.
  path: Assets/Animations/Damage Flash/DamageFlash.controller
  artifactKey: Guid(b40c4a1dfc6b34a8a8953c13cdfe59f6) Importer(815301076,1909f56bfc062723c751e8b465ee728b)
Start importing Assets/Animations/Damage Flash/DamageFlash.controller using Guid(b40c4a1dfc6b34a8a8953c13cdfe59f6) Importer(815301076,1909f56bfc062723c751e8b465ee728b)  -> (artifact id: 'a735dee3bd1f6319706570067f040fa8') in 0.326108 seconds 
  Import took 0.329080 seconds .

========================================================================
Received Import Request.
  Time since last request: 14.328222 seconds.
  path: Assets/Animations/Damage Flash/DamageFlashClear.anim
  artifactKey: Guid(e2459b2cef88f4b2c9dcf3fdf071d241) Importer(815301076,1909f56bfc062723c751e8b465ee728b)
Start importing Assets/Animations/Damage Flash/DamageFlashClear.anim using Guid(e2459b2cef88f4b2c9dcf3fdf071d241) Importer(815301076,1909f56bfc062723c751e8b465ee728b)  -> (artifact id: '78958f5399e5201d79974b6ab237d495') in 0.006039 seconds 
  Import took 0.008904 seconds .

========================================================================
Received Import Request.
  Time since last request: 9.624379 seconds.
  path: Assets/Animations/Damage Flash/DamageFlashFlash.anim
  artifactKey: Guid(526c19584fae5451aa6ea02d43ee0163) Importer(815301076,1909f56bfc062723c751e8b465ee728b)
Start importing Assets/Animations/Damage Flash/DamageFlashFlash.anim using Guid(526c19584fae5451aa6ea02d43ee0163) Importer(815301076,1909f56bfc062723c751e8b465ee728b)  -> (artifact id: '09e636674c396e7dd1e9a4540ff48124') in 0.005057 seconds 
  Import took 0.008595 seconds .

========================================================================
Received Import Request.
  Time since last request: 14.128909 seconds.
  path: Assets/Animations/Damage Flash/DamageFlashPanel.controller
  artifactKey: Guid(b40c4a1dfc6b34a8a8953c13cdfe59f6) Importer(815301076,1909f56bfc062723c751e8b465ee728b)
Start importing Assets/Animations/Damage Flash/DamageFlashPanel.controller using Guid(b40c4a1dfc6b34a8a8953c13cdfe59f6) Importer(815301076,1909f56bfc062723c751e8b465ee728b)  -> (artifact id: 'c4a512134145eed34957d05c0ee59d23') in 0.005363 seconds 
  Import took 0.008405 seconds .

========================================================================
Received Import Request.
  Time since last request: 6.563875 seconds.
  path: Assets/Animations/Damage Flash/DamageFlashPanelFlash.anim
  artifactKey: Guid(526c19584fae5451aa6ea02d43ee0163) Importer(815301076,1909f56bfc062723c751e8b465ee728b)
Start importing Assets/Animations/Damage Flash/DamageFlashPanelFlash.anim using Guid(526c19584fae5451aa6ea02d43ee0163) Importer(815301076,1909f56bfc062723c751e8b465ee728b)  -> (artifact id: '322b925ebdfa874165ccfb95821c11df') in 0.005435 seconds 
  Import took 0.008271 seconds .

========================================================================
Received Import Request.
  Time since last request: 6.596480 seconds.
  path: Assets/Animations/Damage Flash/DamageFlashPanelClear.anim
  artifactKey: Guid(e2459b2cef88f4b2c9dcf3fdf071d241) Importer(815301076,1909f56bfc062723c751e8b465ee728b)
Start importing Assets/Animations/Damage Flash/DamageFlashPanelClear.anim using Guid(e2459b2cef88f4b2c9dcf3fdf071d241) Importer(815301076,1909f56bfc062723c751e8b465ee728b)  -> (artifact id: 'b80bf5c080a8e92704ad85aa01bd151c') in 0.005494 seconds 
  Import took 0.008423 seconds .

========================================================================
Received Prepare
Registering precompiled user dll's ...
Registered in 0.001189 seconds.
Begin MonoManager ReloadAssembly
Native extension for OSXStandalone target not found
Refreshing native plugins compatible for Editor in 0.27 ms, found 2 plugins.
Preloading 0 native plugins for Editor in 0.00 ms.
Mono: successfully reloaded assembly
- Completed reload, in  1.066 seconds
Domain Reload Profiling:
	ReloadAssembly (1066ms)
		BeginReloadAssembly (129ms)
			ExecutionOrderSort (0ms)
			DisableScriptedObjects (5ms)
			BackupInstance (0ms)
			ReleaseScriptingObjects (0ms)
			CreateAndSetChildDomain (65ms)
		EndReloadAssembly (872ms)
			LoadAssemblies (72ms)
			RebuildTransferFunctionScriptingTraits (0ms)
			SetupTypeCache (307ms)
			ReleaseScriptCaches (1ms)
			RebuildScriptCaches (48ms)
			SetupLoadedEditorAssemblies (328ms)
				LogAssemblyErrors (0ms)
				InitializePlatformSupportModulesInManaged (5ms)
				SetLoadedEditorAssemblies (0ms)
				RefreshPlugins (0ms)
				BeforeProcessingInitializeOnLoad (108ms)
				ProcessInitializeOnLoadAttributes (208ms)
				ProcessInitializeOnLoadMethodAttributes (4ms)
				AfterProcessingInitializeOnLoad (1ms)
				EditorAssembliesLoaded (0ms)
			ExecutionOrderSort2 (0ms)
			AwakeInstancesAfterBackupRestoration (7ms)
Platform modules already initialized, skipping
Refreshing native plugins compatible for Editor in 0.26 ms, found 2 plugins.
Preloading 0 native plugins for Editor in 0.00 ms.
Unloading 1396 Unused Serialized files (Serialized files now loaded: 0)
System memory in use before: 170.6 MB.
System memory in use after: 170.7 MB.

Unloading 11 unused Assets to reduce memory usage. Loaded Objects now: 1883.
Total: 2.603801 ms (FindLiveObjects: 0.136293 ms CreateObjectMapping: 0.038215 ms MarkObjects: 2.409127 ms  DeleteObjects: 0.019165 ms)

AssetImportParameters requested are different than current active one (requested -> active):
  custom:video-decoder-ogg-theora: a1e56fd34408186e4bbccfd4996cb3dc -> 
  custom:container-muxer-webm: aa71ff27fc2769a1b78a27578f13a17b -> 
  custom:container-demuxer-webm: 4f35f7cbe854078d1ac9338744f61a02 -> 
  custom:container-demuxer-ogg: 62fdf1f143b41e24485cea50d1cbac27 -> 
  custom:video-encoder-webm-vp8: eb34c28f22e8b96e1ab97ce403110664 -> 
  custom:framework-osx-AVFoundation: e770b220cccbd017edd2c1fefb359320 -> 
  custom:video-decoder-webm-vp8: 9c59270c3fd7afecdb556c50c9e8de78 -> 
  custom:audio-decoder-ogg-vorbis: bf7c407c2cedff20999df2af8eb42d56 -> 
  custom:audio-encoder-webm-vorbis: bf7c407c2cedff20999df2af8eb42d56 -> 
========================================================================
Received Import Request.
  Time since last request: 25.166329 seconds.
  path: Assets/Scenes/SampleScene.unity
  artifactKey: Guid(9fc0d4010bbf28b4594072e72b8655ab) Importer(815301076,1909f56bfc062723c751e8b465ee728b)
Start importing Assets/Scenes/SampleScene.unity using Guid(9fc0d4010bbf28b4594072e72b8655ab) Importer(815301076,1909f56bfc062723c751e8b465ee728b)  -> (artifact id: 'bb30907e59254b25b0db70f1e24ab248') in 0.012852 seconds 
  Import took 0.015776 seconds .

========================================================================
Received Import Request.
  Time since last request: 4.258670 seconds.
  path: Assets/Scenes/GameScene.unity
  artifactKey: Guid(9fc0d4010bbf28b4594072e72b8655ab) Importer(815301076,1909f56bfc062723c751e8b465ee728b)
Start importing Assets/Scenes/GameScene.unity using Guid(9fc0d4010bbf28b4594072e72b8655ab) Importer(815301076,1909f56bfc062723c751e8b465ee728b)  -> (artifact id: '01fa4e8d73d077cbb5dfa97331cceeea') in 0.001277 seconds 
  Import took 0.004216 seconds .

========================================================================
Received Import Request.
  Time since last request: 10.899439 seconds.
  path: Assets/Scenes/Game.unity
  artifactKey: Guid(9fc0d4010bbf28b4594072e72b8655ab) Importer(815301076,1909f56bfc062723c751e8b465ee728b)
Start importing Assets/Scenes/Game.unity using Guid(9fc0d4010bbf28b4594072e72b8655ab) Importer(815301076,1909f56bfc062723c751e8b465ee728b)  -> (artifact id: '02e9aeb4cf7a3bc995adb9dc3a019b34') in 0.001720 seconds 
  Import took 0.004538 seconds .

========================================================================
Received Import Request.
  Time since last request: 8.423669 seconds.
  path: Assets/Scenes/MainMenu.unity
  artifactKey: Guid(cf5dfc65503cc41ffabc292147fb2814) Importer(815301076,1909f56bfc062723c751e8b465ee728b)
Start importing Assets/Scenes/MainMenu.unity using Guid(cf5dfc65503cc41ffabc292147fb2814) Importer(815301076,1909f56bfc062723c751e8b465ee728b)  -> (artifact id: '1c6b4734659dc4f303ded7066a583f8c') in 0.002936 seconds 
  Import took 0.005635 seconds .

